Running 2.10.0 (2026-05-28 11:22:08) with PHP 8.2.31 on Windows NT / 10.0
Reading ./composer.json (C:\Users\muham\OneDrive\Desktop\PROJECTS\laravel-pos\composer.json)
Loading config file ./composer.json (C:\Users\muham\OneDrive\Desktop\PROJECTS\laravel-pos\composer.json)
Checked CA file /etc/pki/ca-trust/extracted/pem/tls-ca-bundle.pem does not exist or it is not a file.
Checked directory /etc/pki/ca-trust/extracted/pem/tls-ca-bundle.pem does not exist or it is not a directory.
Checked CA file /etc/pki/tls/certs/ca-bundle.crt does not exist or it is not a file.
Checked directory /etc/pki/tls/certs/ca-bundle.crt does not exist or it is not a directory.
Checked CA file /etc/ssl/certs/ca-certificates.crt does not exist or it is not a file.
Checked directory /etc/ssl/certs/ca-certificates.crt does not exist or it is not a directory.
Checked CA file /etc/ssl/ca-bundle.pem does not exist or it is not a file.
Checked directory /etc/ssl/ca-bundle.pem does not exist or it is not a directory.
Checked CA file /usr/ssl/certs/ca-bundle.crt does not exist or it is not a file.
Checked directory /usr/ssl/certs/ca-bundle.crt does not exist or it is not a directory.
Checked CA file /opt/local/share/curl/curl-ca-bundle.crt does not exist or it is not a file.
Checked directory /opt/local/share/curl/curl-ca-bundle.crt does not exist or it is not a directory.
Checked CA file /usr/local/share/curl/curl-ca-bundle.crt does not exist or it is not a file.
Checked directory /usr/local/share/curl/curl-ca-bundle.crt does not exist or it is not a directory.
Checked CA file /usr/share/ssl/certs/ca-bundle.crt does not exist or it is not a file.
Checked directory /usr/share/ssl/certs/ca-bundle.crt does not exist or it is not a directory.
Checked CA file /etc/ssl/cert.pem does not exist or it is not a file.
Checked directory /etc/ssl/cert.pem does not exist or it is not a directory.
Checked CA file /usr/local/etc/openssl/cert.pem does not exist or it is not a file.
Checked directory /usr/local/etc/openssl/cert.pem does not exist or it is not a directory.
Checked CA file /usr/local/etc/openssl@1.1/cert.pem does not exist or it is not a file.
Checked directory /usr/local/etc/openssl@1.1/cert.pem does not exist or it is not a directory.
Checked CA file /opt/homebrew/etc/openssl@3/cert.pem does not exist or it is not a file.
Checked directory /opt/homebrew/etc/openssl@3/cert.pem does not exist or it is not a directory.
Checked CA file /opt/homebrew/etc/openssl@1.1/cert.pem does not exist or it is not a file.
Checked directory /opt/homebrew/etc/openssl@1.1/cert.pem does not exist or it is not a directory.
Checked CA file /etc/pki/tls/certs does not exist or it is not a file.
Checked directory /etc/pki/tls/certs does not exist or it is not a directory.
Checked CA file /etc/ssl/certs does not exist or it is not a file.
Checked directory /etc/ssl/certs does not exist or it is not a directory.
Checked CA file C:\Users\muham\AppData\Local\Temp\opeBB47.tmp: valid
Executing command (CWD): git --version
Executing command (C:\Users\muham\OneDrive\Desktop\PROJECTS\laravel-pos): git branch -a --no-color --no-abbrev -v
Failed to initialize global composer: Composer could not find the config file: C:/Users/muham/AppData/Roaming/Composer/composer.json

Reading ./composer.lock (C:\Users\muham\OneDrive\Desktop\PROJECTS\laravel-pos\composer.lock)
Installing dependencies from lock file (including require-dev)
Verifying lock file contents can be installed on current platform.
Reading ./composer.lock (C:\Users\muham\OneDrive\Desktop\PROJECTS\laravel-pos\composer.lock)
Built pool.
Running filter list pool filter.
Reading C:/Users/muham/AppData/Local/Composer/repo/https---repo.packagist.org/packages.json from cache
Downloading https://repo.packagist.org/packages.json
Reading C:/Users/muham/AppData/Local/Composer/repo/https---repo.packagist.org/filter-summary.json from cache
Downloading https://repo.packagist.org/lists/all/summary.json
Generating rules
Resolving dependencies through SAT
Looking at all rules.

Dependency resolution completed in 0.000 seconds
Package operations: 145 installs, 0 updates, 0 removals
Installs: pestphp/pest-plugin:v3.0.0, symfony/finder:v7.3.5, symfony/polyfill-mbstring:v1.33.0, symfony/deprecation-contracts:v3.6.0, symfony/var-dumper:v7.3.5, psr/log:3.0.2, php-debugbar/php-debugbar:v2.2.4, voku/portable-ascii:2.0.3, symfony/polyfill-php80:v1.33.0, symfony/polyfill-ctype:v1.33.0, phpoption/phpoption:1.9.4, graham-campbell/result-type:v1.1.3, vlucas/phpdotenv:v5.6.2, symfony/css-selector:v7.3.6, tijsverkoyen/css-to-inline-styles:v2.3.0, symfony/polyfill-uuid:v1.33.0, symfony/uid:v7.3.1, symfony/routing:v7.3.6, symfony/process:v7.3.4, symfony/polyfill-php85:v1.33.0, symfony/polyfill-php84:v1.33.0, symfony/polyfill-php83:v1.33.0, symfony/polyfill-intl-normalizer:v1.33.0, symfony/polyfill-intl-idn:v1.33.0, symfony/mime:v7.3.4, psr/container:2.0.2, symfony/service-contracts:v3.6.1, psr/event-dispatcher:1.0.0, symfony/event-dispatcher-contracts:v3.6.0, symfony/event-dispatcher:v7.3.3, doctrine/lexer:3.0.1, egulias/email-validator:4.0.4, symfony/mailer:v7.3.5, symfony/http-foundation:v7.3.7, symfony/error-handler:v7.3.6, symfony/http-kernel:v7.3.7, symfony/polyfill-intl-grapheme:v1.33.0, symfony/string:v7.3.4, symfony/console:v7.3.6, ramsey/collection:2.1.1, brick/math:0.14.0, ramsey/uuid:4.9.1, psr/simple-cache:3.0.0, nunomaduro/termwind:v2.3.2, symfony/translation-contracts:v3.6.1, symfony/translation:v7.3.4, psr/clock:1.0.0, symfony/clock:v7.3.0, carbonphp/carbon-doctrine-types:3.2.0, nesbot/carbon:3.10.3, monolog/monolog:3.9.0, psr/http-message:2.0, psr/http-factory:1.1.0, league/uri-interfaces:7.5.0, league/uri:7.5.1, league/mime-type-detection:1.16.0, league/flysystem-local:3.30.2, league/flysystem:3.30.2, nette/utils:v4.0.8, nette/schema:v1.3.3, dflydev/dot-access-data:v3.0.3, league/config:v1.2.0, league/commonmark:2.7.1, laravel/serializable-closure:v2.0.6, laravel/prompts:v0.3.7, guzzlehttp/uri-template:v1.0.5, psr/http-client:1.0.3, ralouphie/getallheaders:3.0.3, guzzlehttp/psr7:2.8.0, guzzlehttp/promises:2.3.0, guzzlehttp/guzzle:7.10.0, fruitcake/php-cors:v1.3.0, dragonmantank/cron-expression:v3.6.0, doctrine/inflector:2.1.0, laravel/framework:v12.38.1, barryvdh/laravel-debugbar:v3.16.0, masterminds/html5:2.10.0, sabberworm/php-css-parser:v8.9.0, dompdf/php-svg-lib:1.0.0, dompdf/php-font-lib:1.0.1, dompdf/dompdf:v3.1.4, barryvdh/laravel-dompdf:v3.1.1, composer/pcre:3.3.2, composer/class-map-generator:1.6.2, barryvdh/reflection-docblock:v2.4.0, barryvdh/laravel-ide-helper:v3.6.0, sebastian/environment:7.2.1, staabm/side-effects-detector:1.0.5, sebastian/version:5.0.2, sebastian/type:5.1.3, sebastian/recursion-context:6.0.3, sebastian/object-reflector:4.0.1, sebastian/object-enumerator:6.0.1, sebastian/global-state:7.0.2, sebastian/exporter:6.3.2, sebastian/diff:6.0.2, sebastian/comparator:6.3.2, sebastian/code-unit:3.0.3, sebastian/cli-parser:3.0.2, phpunit/php-timer:7.0.1, phpunit/php-text-template:4.0.1, phpunit/php-invoker:5.0.1, phpunit/php-file-iterator:5.1.0, theseer/tokenizer:1.2.3, nikic/php-parser:v5.6.2, sebastian/lines-of-code:3.0.1, sebastian/complexity:4.0.1, sebastian/code-unit-reverse-lookup:4.0.1, phpunit/php-code-coverage:11.0.11, phar-io/version:3.2.1, phar-io/manifest:2.0.4, myclabs/deep-copy:1.13.4, phpunit/phpunit:11.5.33, jean85/pretty-package-versions:2.1.1, fidry/cpu-core-counter:1.3.0, brianium/paratest:v7.8.4, webmozart/assert:1.12.1, phpstan/phpstan:2.1.32, rector/rector:2.2.8, driftingly/rector-laravel:2.1.3, fakerphp/faker:v1.24.1, kkomelin/laravel-translatable-string-exporter:1.25.0, iamcal/sql-parser:v0.6, larastan/larastan:v3.8.0, laravel/pail:v1.2.3, laravel/pint:v1.25.1, symfony/yaml:v7.3.5, laravel/sail:v1.48.0, psy/psysh:v0.12.14, laravel/tinker:v2.10.1, laravel/ui:v4.6.1, hamcrest/hamcrest-php:v2.1.1, mockery/mockery:1.6.12, filp/whoops:2.18.4, nunomaduro/collision:v8.8.2, phpstan/phpdoc-parser:2.3.0, phpdocumentor/reflection-common:2.2.0, doctrine/deprecations:1.1.5, phpdocumentor/type-resolver:1.10.0, phpdocumentor/reflection-docblock:5.6.3, ta-tikoma/phpunit-architecture-test:0.8.5, pestphp/pest-plugin-arch:v3.1.1, pestphp/pest-plugin-mutate:v3.0.5, pestphp/pest:v3.8.4, pestphp/pest-plugin-laravel:v3.2.0
  - Syncing pestphp/pest-plugin (v3.0.0) into cache
    Cloning to cache at C:/Users/muham/AppData/Local/Composer/vcs/https---github.com-pestphp-pest-plugin.git/
Executing command (C:/Users/muham/AppData/Local/Composer/vcs/https---github.com-pestphp-pest-plugin.git/): git rev-parse --git-dir
Executing command (C:/Users/muham/AppData/Local/Composer/vcs/https---github.com-pestphp-pest-plugin.git/): git rev-parse --quiet --verify "e79b26c65bc11c41093b10150c1341cc5cdbea83^{commit}"
Executing command (C:/Users/muham/AppData/Local/Composer/vcs/https---github.com-pestphp-pest-plugin.git/): git branch
Executing command (C:/Users/muham/AppData/Local/Composer/vcs/https---github.com-pestphp-pest-plugin.git/): git tag
  - Syncing symfony/finder (v7.3.5) into cache
    Cloning to cache at C:/Users/muham/AppData/Local/Composer/vcs/https---github.com-symfony-finder.git/
Executing command (C:/Users/muham/AppData/Local/Composer/vcs/https---github.com-symfony-finder.git/): git rev-parse --git-dir
Executing command (C:/Users/muham/AppData/Local/Composer/vcs/https---github.com-symfony-finder.git/): git rev-parse --quiet --verify "9f696d2f1e340484b4683f7853b273abff94421f^{commit}"
Executing command (C:/Users/muham/AppData/Local/Composer/vcs/https---github.com-symfony-finder.git/): git branch
Executing command (C:/Users/muham/AppData/Local/Composer/vcs/https---github.com-symfony-finder.git/): git tag
  - Syncing symfony/polyfill-mbstring (v1.33.0) into cache
    Cloning to cache at C:/Users/muham/AppData/Local/Composer/vcs/https---github.com-symfony-polyfill-mbstring.git/
Executing command (C:/Users/muham/AppData/Local/Composer/vcs/https---github.com-symfony-polyfill-mbstring.git/): git rev-parse --git-dir
Executing command (C:/Users/muham/AppData/Local/Composer/vcs/https---github.com-symfony-polyfill-mbstring.git/): git rev-parse --quiet --verify "6d857f4d76bd4b343eac26d6b539585d2bc56493^{commit}"
Executing command (C:/Users/muham/AppData/Local/Composer/vcs/https---github.com-symfony-polyfill-mbstring.git/): git branch
Executing command (C:/Users/muham/AppData/Local/Composer/vcs/https---github.com-symfony-polyfill-mbstring.git/): git tag
  - Syncing symfony/deprecation-contracts (v3.6.0) into cache
    Cloning to cache at C:/Users/muham/AppData/Local/Composer/vcs/https---github.com-symfony-deprecation-contracts.git/
Executing command (C:/Users/muham/AppData/Local/Composer/vcs/https---github.com-symfony-deprecation-contracts.git/): git rev-parse --git-dir
Executing command (C:/Users/muham/AppData/Local/Composer/vcs/https---github.com-symfony-deprecation-contracts.git/): git rev-parse --quiet --verify "63afe740e99a13ba87ec199bb07bbdee937a5b62^{commit}"
Executing command (C:/Users/muham/AppData/Local/Composer/vcs/https---github.com-symfony-deprecation-contracts.git/): git branch
Executing command (C:/Users/muham/AppData/Local/Composer/vcs/https---github.com-symfony-deprecation-contracts.git/): git tag
  - Syncing symfony/var-dumper (v7.3.5) into cache
    Cloning to cache at C:/Users/muham/AppData/Local/Composer/vcs/https---github.com-symfony-var-dumper.git/
Executing command (C:/Users/muham/AppData/Local/Composer/vcs/https---github.com-symfony-var-dumper.git/): git rev-parse --git-dir
Executing command (C:/Users/muham/AppData/Local/Composer/vcs/https---github.com-symfony-var-dumper.git/): git rev-parse --quiet --verify "476c4ae17f43a9a36650c69879dcf5b1e6ae724d^{commit}"
Executing command (C:/Users/muham/AppData/Local/Composer/vcs/https---github.com-symfony-var-dumper.git/): git branch
Executing command (C:/Users/muham/AppData/Local/Composer/vcs/https---github.com-symfony-var-dumper.git/): git tag
  - Syncing psr/log (3.0.2) into cache
    Cloning to cache at C:/Users/muham/AppData/Local/Composer/vcs/https---github.com-php-fig-log.git/
Executing command (C:/Users/muham/AppData/Local/Composer/vcs/https---github.com-php-fig-log.git/): git rev-parse --git-dir
Executing command (C:/Users/muham/AppData/Local/Composer/vcs/https---github.com-php-fig-log.git/): git rev-parse --quiet --verify "f16e1d5863e37f8d8c2a01719f5b34baa2b714d3^{commit}"
Executing command (C:/Users/muham/AppData/Local/Composer/vcs/https---github.com-php-fig-log.git/): git branch
Executing command (C:/Users/muham/AppData/Local/Composer/vcs/https---github.com-php-fig-log.git/): git tag
  - Syncing php-debugbar/php-debugbar (v2.2.4) into cache
    Cloning to cache at C:/Users/muham/AppData/Local/Composer/vcs/https---github.com-php-debugbar-php-debugbar.git/
Executing command (C:/Users/muham/AppData/Local/Composer/vcs/https---github.com-php-debugbar-php-debugbar.git/): git rev-parse --git-dir
Executing command (C:/Users/muham/AppData/Local/Composer/vcs/https---github.com-php-debugbar-php-debugbar.git/): git rev-parse --quiet --verify "3146d04671f51f69ffec2a4207ac3bdcf13a9f35^{commit}"
Executing command (C:/Users/muham/AppData/Local/Composer/vcs/https---github.com-php-debugbar-php-debugbar.git/): git branch
Executing command (C:/Users/muham/AppData/Local/Composer/vcs/https---github.com-php-debugbar-php-debugbar.git/): git tag
  - Syncing voku/portable-ascii (2.0.3) into cache
    Cloning to cache at C:/Users/muham/AppData/Local/Composer/vcs/https---github.com-voku-portable-ascii.git/
Executing command (C:/Users/muham/AppData/Local/Composer/vcs/https---github.com-voku-portable-ascii.git/): git rev-parse --git-dir
Executing command (C:/Users/muham/AppData/Local/Composer/vcs/https---github.com-voku-portable-ascii.git/): git rev-parse --quiet --verify "b1d923f88091c6bf09699efcd7c8a1b1bfd7351d^{commit}"
Executing command (C:/Users/muham/AppData/Local/Composer/vcs/https---github.com-voku-portable-ascii.git/): git branch
Executing command (C:/Users/muham/AppData/Local/Composer/vcs/https---github.com-voku-portable-ascii.git/): git tag
  - Syncing symfony/polyfill-php80 (v1.33.0) into cache
    Cloning to cache at C:/Users/muham/AppData/Local/Composer/vcs/https---github.com-symfony-polyfill-php80.git/
Executing command (C:/Users/muham/AppData/Local/Composer/vcs/https---github.com-symfony-polyfill-php80.git/): git rev-parse --git-dir
Executing command (C:/Users/muham/AppData/Local/Composer/vcs/https---github.com-symfony-polyfill-php80.git/): git rev-parse --quiet --verify "0cc9dd0f17f61d8131e7df6b84bd344899fe2608^{commit}"
Executing command (C:/Users/muham/AppData/Local/Composer/vcs/https---github.com-symfony-polyfill-php80.git/): git branch
Executing command (C:/Users/muham/AppData/Local/Composer/vcs/https---github.com-symfony-polyfill-php80.git/): git tag
  - Syncing symfony/polyfill-ctype (v1.33.0) into cache
    Cloning to cache at C:/Users/muham/AppData/Local/Composer/vcs/https---github.com-symfony-polyfill-ctype.git/
Executing command (C:/Users/muham/AppData/Local/Composer/vcs/https---github.com-symfony-polyfill-ctype.git/): git rev-parse --git-dir
Executing command (C:/Users/muham/AppData/Local/Composer/vcs/https---github.com-symfony-polyfill-ctype.git/): git rev-parse --quiet --verify "a3cc8b044a6ea513310cbd48ef7333b384945638^{commit}"
Executing command (C:/Users/muham/AppData/Local/Composer/vcs/https---github.com-symfony-polyfill-ctype.git/): git branch
Executing command (C:/Users/muham/AppData/Local/Composer/vcs/https---github.com-symfony-polyfill-ctype.git/): git tag
  - Syncing phpoption/phpoption (1.9.4) into cache
    Cloning to cache at C:/Users/muham/AppData/Local/Composer/vcs/https---github.com-schmittjoh-php-option.git/
Executing command (C:/Users/muham/AppData/Local/Composer/vcs/https---github.com-schmittjoh-php-option.git/): git rev-parse --git-dir
Executing command (C:/Users/muham/AppData/Local/Composer/vcs/https---github.com-schmittjoh-php-option.git/): git rev-parse --quiet --verify "638a154f8d4ee6a5cfa96d6a34dfbe0cffa9566d^{commit}"
Executing command (C:/Users/muham/AppData/Local/Composer/vcs/https---github.com-schmittjoh-php-option.git/): git branch
Executing command (C:/Users/muham/AppData/Local/Composer/vcs/https---github.com-schmittjoh-php-option.git/): git tag
  - Syncing graham-campbell/result-type (v1.1.3) into cache
    Cloning to cache at C:/Users/muham/AppData/Local/Composer/vcs/https---github.com-GrahamCampbell-Result-Type.git/
Executing command (C:/Users/muham/AppData/Local/Composer/vcs/https---github.com-GrahamCampbell-Result-Type.git/): git rev-parse --git-dir
Executing command (C:/Users/muham/AppData/Local/Composer/vcs/https---github.com-GrahamCampbell-Result-Type.git/): git rev-parse --quiet --verify "3ba905c11371512af9d9bdd27d99b782216b6945^{commit}"
Executing command (C:/Users/muham/AppData/Local/Composer/vcs/https---github.com-GrahamCampbell-Result-Type.git/): git branch
Executing command (C:/Users/muham/AppData/Local/Composer/vcs/https---github.com-GrahamCampbell-Result-Type.git/): git tag
  - Syncing vlucas/phpdotenv (v5.6.2) into cache
    Cloning to cache at C:/Users/muham/AppData/Local/Composer/vcs/https---github.com-vlucas-phpdotenv.git/
Executing command (C:/Users/muham/AppData/Local/Composer/vcs/https---github.com-vlucas-phpdotenv.git/): git rev-parse --git-dir
Executing command (C:/Users/muham/AppData/Local/Composer/vcs/https---github.com-vlucas-phpdotenv.git/): git rev-parse --quiet --verify "24ac4c74f91ee2c193fa1aaa5c249cb0822809af^{commit}"
Executing command (C:/Users/muham/AppData/Local/Composer/vcs/https---github.com-vlucas-phpdotenv.git/): git branch
Executing command (C:/Users/muham/AppData/Local/Composer/vcs/https---github.com-vlucas-phpdotenv.git/): git tag
  - Syncing symfony/css-selector (v7.3.6) into cache
    Cloning to cache at C:/Users/muham/AppData/Local/Composer/vcs/https---github.com-symfony-css-selector.git/
Executing command (C:/Users/muham/AppData/Local/Composer/vcs/https---github.com-symfony-css-selector.git/): git rev-parse --git-dir
Executing command (C:/Users/muham/AppData/Local/Composer/vcs/https---github.com-symfony-css-selector.git/): git rev-parse --quiet --verify "84321188c4754e64273b46b406081ad9b18e8614^{commit}"
Executing command (C:/Users/muham/AppData/Local/Composer/vcs/https---github.com-symfony-css-selector.git/): git branch
Executing command (C:/Users/muham/AppData/Local/Composer/vcs/https---github.com-symfony-css-selector.git/): git tag
  - Syncing tijsverkoyen/css-to-inline-styles (v2.3.0) into cache
    Cloning to cache at C:/Users/muham/AppData/Local/Composer/vcs/https---github.com-tijsverkoyen-CssToInlineStyles.git/
Executing command (C:/Users/muham/AppData/Local/Composer/vcs/https---github.com-tijsverkoyen-CssToInlineStyles.git/): git rev-parse --git-dir
Executing command (C:/Users/muham/AppData/Local/Composer/vcs/https---github.com-tijsverkoyen-CssToInlineStyles.git/): git rev-parse --quiet --verify "0d72ac1c00084279c1816675284073c5a337c20d^{commit}"
Executing command (C:/Users/muham/AppData/Local/Composer/vcs/https---github.com-tijsverkoyen-CssToInlineStyles.git/): git branch
Executing command (C:/Users/muham/AppData/Local/Composer/vcs/https---github.com-tijsverkoyen-CssToInlineStyles.git/): git tag
  - Syncing symfony/polyfill-uuid (v1.33.0) into cache
    Cloning to cache at C:/Users/muham/AppData/Local/Composer/vcs/https---github.com-symfony-polyfill-uuid.git/
Executing command (C:/Users/muham/AppData/Local/Composer/vcs/https---github.com-symfony-polyfill-uuid.git/): git rev-parse --git-dir
Executing command (C:/Users/muham/AppData/Local/Composer/vcs/https---github.com-symfony-polyfill-uuid.git/): git rev-parse --quiet --verify "21533be36c24be3f4b1669c4725c7d1d2bab4ae2^{commit}"
Executing command (C:/Users/muham/AppData/Local/Composer/vcs/https---github.com-symfony-polyfill-uuid.git/): git branch
Executing command (C:/Users/muham/AppData/Local/Composer/vcs/https---github.com-symfony-polyfill-uuid.git/): git tag
  - Syncing symfony/uid (v7.3.1) into cache
    Cloning to cache at C:/Users/muham/AppData/Local/Composer/vcs/https---github.com-symfony-uid.git/
Executing command (C:/Users/muham/AppData/Local/Composer/vcs/https---github.com-symfony-uid.git/): git rev-parse --git-dir
Executing command (C:/Users/muham/AppData/Local/Composer/vcs/https---github.com-symfony-uid.git/): git rev-parse --quiet --verify "a69f69f3159b852651a6bf45a9fdd149520525bb^{commit}"
Executing command (C:/Users/muham/AppData/Local/Composer/vcs/https---github.com-symfony-uid.git/): git branch
Executing command (C:/Users/muham/AppData/Local/Composer/vcs/https---github.com-symfony-uid.git/): git tag
  - Syncing symfony/routing (v7.3.6) into cache
    Cloning to cache at C:/Users/muham/AppData/Local/Composer/vcs/https---github.com-symfony-routing.git/
Executing command (C:/Users/muham/AppData/Local/Composer/vcs/https---github.com-symfony-routing.git/): git rev-parse --git-dir
Executing command (C:/Users/muham/AppData/Local/Composer/vcs/https---github.com-symfony-routing.git/): git rev-parse --quiet --verify "c97abe725f2a1a858deca629a6488c8fc20c3091^{commit}"
Executing command (C:/Users/muham/AppData/Local/Composer/vcs/https---github.com-symfony-routing.git/): git branch
Executing command (C:/Users/muham/AppData/Local/Composer/vcs/https---github.com-symfony-routing.git/): git tag
  - Syncing symfony/process (v7.3.4) into cache
    Cloning to cache at C:/Users/muham/AppData/Local/Composer/vcs/https---github.com-symfony-process.git/
Executing command (C:/Users/muham/AppData/Local/Composer/vcs/https---github.com-symfony-process.git/): git rev-parse --git-dir
Executing command (C:/Users/muham/AppData/Local/Composer/vcs/https---github.com-symfony-process.git/): git rev-parse --git-dir
Executing command (CWD): rmdir /S /Q C:\Users\muham\AppData\Local\Composer\vcs\https---github.com-symfony-process.git
Executing command (CWD): git clone --mirror -- https://github.com/symfony/process.git C:/Users/muham/AppData/Local/Composer/vcs/https---github.com-symfony-process.git/
Executing command (C:/Users/muham/AppData/Local/Composer/vcs/https---github.com-symfony-process.git/): git remote -v
Executing command (C:/Users/muham/AppData/Local/Composer/vcs/https---github.com-symfony-process.git/): git remote set-url origin -- https://github.com/symfony/process.git
Executing command (C:/Users/muham/AppData/Local/Composer/vcs/https---github.com-symfony-process.git/): git rev-parse --git-dir
Executing command (C:/Users/muham/AppData/Local/Composer/vcs/https---github.com-symfony-process.git/): git rev-parse --quiet --verify "f24f8f316367b30810810d4eb30c543d7003ff3b^{commit}"
  - Syncing symfony/polyfill-php85 (v1.33.0) into cache
    Cloning to cache at C:/Users/muham/AppData/Local/Composer/vcs/https---github.com-symfony-polyfill-php85.git/
Executing command (C:/Users/muham/AppData/Local/Composer/vcs/https---github.com-symfony-polyfill-php85.git/): git rev-parse --git-dir
Executing command (C:/Users/muham/AppData/Local/Composer/vcs/https---github.com-symfony-polyfill-php85.git/): git rev-parse --quiet --verify "d4e5fcd4ab3d998ab16c0db48e6cbb9a01993f91^{commit}"
Executing command (C:/Users/muham/AppData/Local/Composer/vcs/https---github.com-symfony-polyfill-php85.git/): git branch
Executing command (C:/Users/muham/AppData/Local/Composer/vcs/https---github.com-symfony-polyfill-php85.git/): git tag
  - Syncing symfony/polyfill-php84 (v1.33.0) into cache
    Cloning to cache at C:/Users/muham/AppData/Local/Composer/vcs/https---github.com-symfony-polyfill-php84.git/
Executing command (C:/Users/muham/AppData/Local/Composer/vcs/https---github.com-symfony-polyfill-php84.git/): git rev-parse --git-dir
Executing command (C:/Users/muham/AppData/Local/Composer/vcs/https---github.com-symfony-polyfill-php84.git/): git rev-parse --quiet --verify "d8ced4d875142b6a7426000426b8abc631d6b191^{commit}"
Executing command (C:/Users/muham/AppData/Local/Composer/vcs/https---github.com-symfony-polyfill-php84.git/): git branch
Executing command (C:/Users/muham/AppData/Local/Composer/vcs/https---github.com-symfony-polyfill-php84.git/): git tag
  - Syncing symfony/polyfill-php83 (v1.33.0) into cache
    Cloning to cache at C:/Users/muham/AppData/Local/Composer/vcs/https---github.com-symfony-polyfill-php83.git/
Executing command (C:/Users/muham/AppData/Local/Composer/vcs/https---github.com-symfony-polyfill-php83.git/): git rev-parse --git-dir
Executing command (C:/Users/muham/AppData/Local/Composer/vcs/https---github.com-symfony-polyfill-php83.git/): git rev-parse --quiet --verify "17f6f9a6b1735c0f163024d959f700cfbc5155e5^{commit}"
Executing command (C:/Users/muham/AppData/Local/Composer/vcs/https---github.com-symfony-polyfill-php83.git/): git branch
Executing command (C:/Users/muham/AppData/Local/Composer/vcs/https---github.com-symfony-polyfill-php83.git/): git tag
  - Syncing symfony/polyfill-intl-normalizer (v1.33.0) into cache
    Cloning to cache at C:/Users/muham/AppData/Local/Composer/vcs/https---github.com-symfony-polyfill-intl-normalizer.git/
Executing command (C:/Users/muham/AppData/Local/Composer/vcs/https---github.com-symfony-polyfill-intl-normalizer.git/): git rev-parse --git-dir
Executing command (C:/Users/muham/AppData/Local/Composer/vcs/https---github.com-symfony-polyfill-intl-normalizer.git/): git rev-parse --quiet --verify "3833d7255cc303546435cb650316bff708a1c75c^{commit}"
Executing command (C:/Users/muham/AppData/Local/Composer/vcs/https---github.com-symfony-polyfill-intl-normalizer.git/): git branch
Executing command (C:/Users/muham/AppData/Local/Composer/vcs/https---github.com-symfony-polyfill-intl-normalizer.git/): git tag
  - Syncing symfony/polyfill-intl-idn (v1.33.0) into cache
    Cloning to cache at C:/Users/muham/AppData/Local/Composer/vcs/https---github.com-symfony-polyfill-intl-idn.git/
Executing command (C:/Users/muham/AppData/Local/Composer/vcs/https---github.com-symfony-polyfill-intl-idn.git/): git rev-parse --git-dir
Executing command (C:/Users/muham/AppData/Local/Composer/vcs/https---github.com-symfony-polyfill-intl-idn.git/): git rev-parse --quiet --verify "9614ac4d8061dc257ecc64cba1b140873dce8ad3^{commit}"
Executing command (C:/Users/muham/AppData/Local/Composer/vcs/https---github.com-symfony-polyfill-intl-idn.git/): git branch
Executing command (C:/Users/muham/AppData/Local/Composer/vcs/https---github.com-symfony-polyfill-intl-idn.git/): git tag
  - Syncing symfony/mime (v7.3.4) into cache
    Cloning to cache at C:/Users/muham/AppData/Local/Composer/vcs/https---github.com-symfony-mime.git/
Executing command (C:/Users/muham/AppData/Local/Composer/vcs/https---github.com-symfony-mime.git/): git rev-parse --git-dir
Executing command (C:/Users/muham/AppData/Local/Composer/vcs/https---github.com-symfony-mime.git/): git rev-parse --quiet --verify "b1b828f69cbaf887fa835a091869e55df91d0e35^{commit}"
Executing command (C:/Users/muham/AppData/Local/Composer/vcs/https---github.com-symfony-mime.git/): git branch
Executing command (C:/Users/muham/AppData/Local/Composer/vcs/https---github.com-symfony-mime.git/): git tag
  - Syncing psr/container (2.0.2) into cache
    Cloning to cache at C:/Users/muham/AppData/Local/Composer/vcs/https---github.com-php-fig-container.git/
Executing command (C:/Users/muham/AppData/Local/Composer/vcs/https---github.com-php-fig-container.git/): git rev-parse --git-dir
Executing command (C:/Users/muham/AppData/Local/Composer/vcs/https---github.com-php-fig-container.git/): git rev-parse --quiet --verify "c71ecc56dfe541dbd90c5360474fbc405f8d5963^{commit}"
Executing command (C:/Users/muham/AppData/Local/Composer/vcs/https---github.com-php-fig-container.git/): git branch
Executing command (C:/Users/muham/AppData/Local/Composer/vcs/https---github.com-php-fig-container.git/): git tag
  - Syncing symfony/service-contracts (v3.6.1) into cache
    Cloning to cache at C:/Users/muham/AppData/Local/Composer/vcs/https---github.com-symfony-service-contracts.git/
Executing command (C:/Users/muham/AppData/Local/Composer/vcs/https---github.com-symfony-service-contracts.git/): git rev-parse --git-dir
Executing command (C:/Users/muham/AppData/Local/Composer/vcs/https---github.com-symfony-service-contracts.git/): git rev-parse --quiet --verify "45112560a3ba2d715666a509a0bc9521d10b6c43^{commit}"
Executing command (C:/Users/muham/AppData/Local/Composer/vcs/https---github.com-symfony-service-contracts.git/): git branch
Executing command (C:/Users/muham/AppData/Local/Composer/vcs/https---github.com-symfony-service-contracts.git/): git tag
  - Syncing psr/event-dispatcher (1.0.0) into cache
    Cloning to cache at C:/Users/muham/AppData/Local/Composer/vcs/https---github.com-php-fig-event-dispatcher.git/
Executing command (C:/Users/muham/AppData/Local/Composer/vcs/https---github.com-php-fig-event-dispatcher.git/): git rev-parse --git-dir
Executing command (C:/Users/muham/AppData/Local/Composer/vcs/https---github.com-php-fig-event-dispatcher.git/): git rev-parse --quiet --verify "dbefd12671e8a14ec7f180cab83036ed26714bb0^{commit}"
Executing command (C:/Users/muham/AppData/Local/Composer/vcs/https---github.com-php-fig-event-dispatcher.git/): git branch
Executing command (C:/Users/muham/AppData/Local/Composer/vcs/https---github.com-php-fig-event-dispatcher.git/): git tag
  - Syncing symfony/event-dispatcher-contracts (v3.6.0) into cache
    Cloning to cache at C:/Users/muham/AppData/Local/Composer/vcs/https---github.com-symfony-event-dispatcher-contracts.git/
Executing command (C:/Users/muham/AppData/Local/Composer/vcs/https---github.com-symfony-event-dispatcher-contracts.git/): git rev-parse --git-dir
Executing command (C:/Users/muham/AppData/Local/Composer/vcs/https---github.com-symfony-event-dispatcher-contracts.git/): git rev-parse --quiet --verify "59eb412e93815df44f05f342958efa9f46b1e586^{commit}"
Executing command (C:/Users/muham/AppData/Local/Composer/vcs/https---github.com-symfony-event-dispatcher-contracts.git/): git branch
Executing command (C:/Users/muham/AppData/Local/Composer/vcs/https---github.com-symfony-event-dispatcher-contracts.git/): git tag
  - Syncing symfony/event-dispatcher (v7.3.3) into cache
    Cloning to cache at C:/Users/muham/AppData/Local/Composer/vcs/https---github.com-symfony-event-dispatcher.git/
Executing command (C:/Users/muham/AppData/Local/Composer/vcs/https---github.com-symfony-event-dispatcher.git/): git rev-parse --git-dir
Executing command (C:/Users/muham/AppData/Local/Composer/vcs/https---github.com-symfony-event-dispatcher.git/): git rev-parse --quiet --verify "b7dc69e71de420ac04bc9ab830cf3ffebba48191^{commit}"
Executing command (C:/Users/muham/AppData/Local/Composer/vcs/https---github.com-symfony-event-dispatcher.git/): git branch
Executing command (C:/Users/muham/AppData/Local/Composer/vcs/https---github.com-symfony-event-dispatcher.git/): git tag
  - Syncing doctrine/lexer (3.0.1) into cache
    Cloning to cache at C:/Users/muham/AppData/Local/Composer/vcs/https---github.com-doctrine-lexer.git/
Executing command (C:/Users/muham/AppData/Local/Composer/vcs/https---github.com-doctrine-lexer.git/): git rev-parse --git-dir
Executing command (C:/Users/muham/AppData/Local/Composer/vcs/https---github.com-doctrine-lexer.git/): git rev-parse --quiet --verify "31ad66abc0fc9e1a1f2d9bc6a42668d2fbbcd6dd^{commit}"
Executing command (C:/Users/muham/AppData/Local/Composer/vcs/https---github.com-doctrine-lexer.git/): git branch
Executing command (C:/Users/muham/AppData/Local/Composer/vcs/https---github.com-doctrine-lexer.git/): git tag
  - Syncing egulias/email-validator (4.0.4) into cache
    Cloning to cache at C:/Users/muham/AppData/Local/Composer/vcs/https---github.com-egulias-EmailValidator.git/
Executing command (C:/Users/muham/AppData/Local/Composer/vcs/https---github.com-egulias-EmailValidator.git/): git rev-parse --git-dir
Executing command (C:/Users/muham/AppData/Local/Composer/vcs/https---github.com-egulias-EmailValidator.git/): git rev-parse --quiet --verify "d42c8731f0624ad6bdc8d3e5e9a4524f68801cfa^{commit}"
Executing command (C:/Users/muham/AppData/Local/Composer/vcs/https---github.com-egulias-EmailValidator.git/): git branch
Executing command (C:/Users/muham/AppData/Local/Composer/vcs/https---github.com-egulias-EmailValidator.git/): git tag
  - Syncing symfony/mailer (v7.3.5) into cache
    Cloning to cache at C:/Users/muham/AppData/Local/Composer/vcs/https---github.com-symfony-mailer.git/
Executing command (C:/Users/muham/AppData/Local/Composer/vcs/https---github.com-symfony-mailer.git/): git rev-parse --git-dir
Executing command (C:/Users/muham/AppData/Local/Composer/vcs/https---github.com-symfony-mailer.git/): git rev-parse --quiet --verify "fd497c45ba9c10c37864e19466b090dcb60a50ba^{commit}"
Executing command (C:/Users/muham/AppData/Local/Composer/vcs/https---github.com-symfony-mailer.git/): git branch
Executing command (C:/Users/muham/AppData/Local/Composer/vcs/https---github.com-symfony-mailer.git/): git tag
  - Syncing symfony/http-foundation (v7.3.7) into cache
    Cloning to cache at C:/Users/muham/AppData/Local/Composer/vcs/https---github.com-symfony-http-foundation.git/
Executing command (C:/Users/muham/AppData/Local/Composer/vcs/https---github.com-symfony-http-foundation.git/): git rev-parse --git-dir
Executing command (C:/Users/muham/AppData/Local/Composer/vcs/https---github.com-symfony-http-foundation.git/): git rev-parse --quiet --verify "db488a62f98f7a81d5746f05eea63a74e55bb7c4^{commit}"
Executing command (C:/Users/muham/AppData/Local/Composer/vcs/https---github.com-symfony-http-foundation.git/): git branch
Executing command (C:/Users/muham/AppData/Local/Composer/vcs/https---github.com-symfony-http-foundation.git/): git tag
  - Syncing symfony/error-handler (v7.3.6) into cache
    Cloning to cache at C:/Users/muham/AppData/Local/Composer/vcs/https---github.com-symfony-error-handler.git/
Executing command (C:/Users/muham/AppData/Local/Composer/vcs/https---github.com-symfony-error-handler.git/): git rev-parse --git-dir
Executing command (C:/Users/muham/AppData/Local/Composer/vcs/https---github.com-symfony-error-handler.git/): git rev-parse --quiet --verify "bbe40bfab84323d99dab491b716ff142410a92a8^{commit}"
Executing command (C:/Users/muham/AppData/Local/Composer/vcs/https---github.com-symfony-error-handler.git/): git branch
Executing command (C:/Users/muham/AppData/Local/Composer/vcs/https---github.com-symfony-error-handler.git/): git tag
  - Syncing symfony/http-kernel (v7.3.7) into cache
    Cloning to cache at C:/Users/muham/AppData/Local/Composer/vcs/https---github.com-symfony-http-kernel.git/
Executing command (C:/Users/muham/AppData/Local/Composer/vcs/https---github.com-symfony-http-kernel.git/): git rev-parse --git-dir
Executing command (C:/Users/muham/AppData/Local/Composer/vcs/https---github.com-symfony-http-kernel.git/): git rev-parse --quiet --verify "10b8e9b748ea95fa4539c208e2487c435d3c87ce^{commit}"
Executing command (C:/Users/muham/AppData/Local/Composer/vcs/https---github.com-symfony-http-kernel.git/): git branch
Executing command (C:/Users/muham/AppData/Local/Composer/vcs/https---github.com-symfony-http-kernel.git/): git tag
  - Syncing symfony/polyfill-intl-grapheme (v1.33.0) into cache
    Cloning to cache at C:/Users/muham/AppData/Local/Composer/vcs/https---github.com-symfony-polyfill-intl-grapheme.git/
Executing command (C:/Users/muham/AppData/Local/Composer/vcs/https---github.com-symfony-polyfill-intl-grapheme.git/): git rev-parse --git-dir
Executing command (C:/Users/muham/AppData/Local/Composer/vcs/https---github.com-symfony-polyfill-intl-grapheme.git/): git rev-parse --quiet --verify "380872130d3a5dd3ace2f4010d95125fde5d5c70^{commit}"
Executing command (C:/Users/muham/AppData/Local/Composer/vcs/https---github.com-symfony-polyfill-intl-grapheme.git/): git branch
Executing command (C:/Users/muham/AppData/Local/Composer/vcs/https---github.com-symfony-polyfill-intl-grapheme.git/): git tag
  - Syncing symfony/string (v7.3.4) into cache
    Cloning to cache at C:/Users/muham/AppData/Local/Composer/vcs/https---github.com-symfony-string.git/
Executing command (C:/Users/muham/AppData/Local/Composer/vcs/https---github.com-symfony-string.git/): git rev-parse --git-dir
Executing command (C:/Users/muham/AppData/Local/Composer/vcs/https---github.com-symfony-string.git/): git rev-parse --quiet --verify "f96476035142921000338bad71e5247fbc138872^{commit}"
Executing command (C:/Users/muham/AppData/Local/Composer/vcs/https---github.com-symfony-string.git/): git branch
Executing command (C:/Users/muham/AppData/Local/Composer/vcs/https---github.com-symfony-string.git/): git tag
  - Syncing symfony/console (v7.3.6) into cache
    Cloning to cache at C:/Users/muham/AppData/Local/Composer/vcs/https---github.com-symfony-console.git/
Executing command (C:/Users/muham/AppData/Local/Composer/vcs/https---github.com-symfony-console.git/): git rev-parse --git-dir
Executing command (C:/Users/muham/AppData/Local/Composer/vcs/https---github.com-symfony-console.git/): git rev-parse --quiet --verify "c28ad91448f86c5f6d9d2c70f0cf68bf135f252a^{commit}"
Executing command (C:/Users/muham/AppData/Local/Composer/vcs/https---github.com-symfony-console.git/): git branch
Executing command (C:/Users/muham/AppData/Local/Composer/vcs/https---github.com-symfony-console.git/): git tag
  - Syncing ramsey/collection (2.1.1) into cache
    Cloning to cache at C:/Users/muham/AppData/Local/Composer/vcs/https---github.com-ramsey-collection.git/
Executing command (C:/Users/muham/AppData/Local/Composer/vcs/https---github.com-ramsey-collection.git/): git rev-parse --git-dir
Executing command (C:/Users/muham/AppData/Local/Composer/vcs/https---github.com-ramsey-collection.git/): git rev-parse --quiet --verify "344572933ad0181accbf4ba763e85a0306a8c5e2^{commit}"
Executing command (C:/Users/muham/AppData/Local/Composer/vcs/https---github.com-ramsey-collection.git/): git branch
Executing command (C:/Users/muham/AppData/Local/Composer/vcs/https---github.com-ramsey-collection.git/): git tag
  - Syncing brick/math (0.14.0) into cache
    Cloning to cache at C:/Users/muham/AppData/Local/Composer/vcs/https---github.com-brick-math.git/
Executing command (C:/Users/muham/AppData/Local/Composer/vcs/https---github.com-brick-math.git/): git rev-parse --git-dir
Executing command (C:/Users/muham/AppData/Local/Composer/vcs/https---github.com-brick-math.git/): git rev-parse --quiet --verify "113a8ee2656b882d4c3164fa31aa6e12cbb7aaa2^{commit}"
Executing command (C:/Users/muham/AppData/Local/Composer/vcs/https---github.com-brick-math.git/): git rev-parse --git-dir
Executing command (C:/Users/muham/AppData/Local/Composer/vcs/https---github.com-brick-math.git/): git remote -v
Executing command (C:/Users/muham/AppData/Local/Composer/vcs/https---github.com-brick-math.git/): git remote set-url origin -- https://github.com/brick/math.git
Executing command (C:/Users/muham/AppData/Local/Composer/vcs/https---github.com-brick-math.git/): git remote update --prune origin
Executing command (C:/Users/muham/AppData/Local/Composer/vcs/https---github.com-brick-math.git/): git gc --auto
Executing command (C:/Users/muham/AppData/Local/Composer/vcs/https---github.com-brick-math.git/): git remote -v
Executing command (C:/Users/muham/AppData/Local/Composer/vcs/https---github.com-brick-math.git/): git remote set-url origin -- https://github.com/brick/math.git
Executing command (C:/Users/muham/AppData/Local/Composer/vcs/https---github.com-brick-math.git/): git rev-parse --git-dir
Executing command (C:/Users/muham/AppData/Local/Composer/vcs/https---github.com-brick-math.git/): git rev-parse --quiet --verify "113a8ee2656b882d4c3164fa31aa6e12cbb7aaa2^{commit}"
  - Syncing ramsey/uuid (4.9.1) into cache
    Cloning to cache at C:/Users/muham/AppData/Local/Composer/vcs/https---github.com-ramsey-uuid.git/
Executing command (C:/Users/muham/AppData/Local/Composer/vcs/https---github.com-ramsey-uuid.git/): git rev-parse --git-dir
Executing command (C:/Users/muham/AppData/Local/Composer/vcs/https---github.com-ramsey-uuid.git/): git rev-parse --quiet --verify "81f941f6f729b1e3ceea61d9d014f8b6c6800440^{commit}"
Executing command (C:/Users/muham/AppData/Local/Composer/vcs/https---github.com-ramsey-uuid.git/): git rev-parse --git-dir
Executing command (C:/Users/muham/AppData/Local/Composer/vcs/https---github.com-ramsey-uuid.git/): git remote -v
Executing command (C:/Users/muham/AppData/Local/Composer/vcs/https---github.com-ramsey-uuid.git/): git remote set-url origin -- https://github.com/ramsey/uuid.git
Executing command (C:/Users/muham/AppData/Local/Composer/vcs/https---github.com-ramsey-uuid.git/): git remote update --prune origin
Executing command (C:/Users/muham/AppData/Local/Composer/vcs/https---github.com-ramsey-uuid.git/): git gc --auto
Executing command (C:/Users/muham/AppData/Local/Composer/vcs/https---github.com-ramsey-uuid.git/): git remote -v
Executing command (C:/Users/muham/AppData/Local/Composer/vcs/https---github.com-ramsey-uuid.git/): git remote set-url origin -- https://github.com/ramsey/uuid.git
Executing command (C:/Users/muham/AppData/Local/Composer/vcs/https---github.com-ramsey-uuid.git/): git rev-parse --git-dir
Executing command (C:/Users/muham/AppData/Local/Composer/vcs/https---github.com-ramsey-uuid.git/): git rev-parse --quiet --verify "81f941f6f729b1e3ceea61d9d014f8b6c6800440^{commit}"
  - Syncing psr/simple-cache (3.0.0) into cache
    Cloning to cache at C:/Users/muham/AppData/Local/Composer/vcs/https---github.com-php-fig-simple-cache.git/
Executing command (C:/Users/muham/AppData/Local/Composer/vcs/https---github.com-php-fig-simple-cache.git/): git rev-parse --git-dir
Executing command (C:/Users/muham/AppData/Local/Composer/vcs/https---github.com-php-fig-simple-cache.git/): git rev-parse --quiet --verify "764e0b3939f5ca87cb904f570ef9be2d78a07865^{commit}"
Executing command (C:/Users/muham/AppData/Local/Composer/vcs/https---github.com-php-fig-simple-cache.git/): git branch
Executing command (C:/Users/muham/AppData/Local/Composer/vcs/https---github.com-php-fig-simple-cache.git/): git tag
  - Syncing nunomaduro/termwind (v2.3.2) into cache
    Cloning to cache at C:/Users/muham/AppData/Local/Composer/vcs/https---github.com-nunomaduro-termwind.git/
Executing command (C:/Users/muham/AppData/Local/Composer/vcs/https---github.com-nunomaduro-termwind.git/): git rev-parse --git-dir
Executing command (C:/Users/muham/AppData/Local/Composer/vcs/https---github.com-nunomaduro-termwind.git/): git rev-parse --quiet --verify "eb61920a53057a7debd718a5b89c2178032b52c0^{commit}"
Executing command (C:/Users/muham/AppData/Local/Composer/vcs/https---github.com-nunomaduro-termwind.git/): git rev-parse --git-dir
Executing command (C:/Users/muham/AppData/Local/Composer/vcs/https---github.com-nunomaduro-termwind.git/): git remote -v
Executing command (C:/Users/muham/AppData/Local/Composer/vcs/https---github.com-nunomaduro-termwind.git/): git remote set-url origin -- https://github.com/nunomaduro/termwind.git
Executing command (C:/Users/muham/AppData/Local/Composer/vcs/https---github.com-nunomaduro-termwind.git/): git remote update --prune origin
Executing command (C:/Users/muham/AppData/Local/Composer/vcs/https---github.com-nunomaduro-termwind.git/): git gc --auto
Executing command (C:/Users/muham/AppData/Local/Composer/vcs/https---github.com-nunomaduro-termwind.git/): git remote -v
Executing command (C:/Users/muham/AppData/Local/Composer/vcs/https---github.com-nunomaduro-termwind.git/): git remote set-url origin -- https://github.com/nunomaduro/termwind.git
Executing command (C:/Users/muham/AppData/Local/Composer/vcs/https---github.com-nunomaduro-termwind.git/): git rev-parse --git-dir
Executing command (C:/Users/muham/AppData/Local/Composer/vcs/https---github.com-nunomaduro-termwind.git/): git rev-parse --quiet --verify "eb61920a53057a7debd718a5b89c2178032b52c0^{commit}"
  - Syncing symfony/translation-contracts (v3.6.1) into cache
    Cloning to cache at C:/Users/muham/AppData/Local/Composer/vcs/https---github.com-symfony-translation-contracts.git/
Executing command (C:/Users/muham/AppData/Local/Composer/vcs/https---github.com-symfony-translation-contracts.git/): git rev-parse --git-dir
Executing command (C:/Users/muham/AppData/Local/Composer/vcs/https---github.com-symfony-translation-contracts.git/): git rev-parse --quiet --verify "65a8bc82080447fae78373aa10f8d13b38338977^{commit}"
Executing command (C:/Users/muham/AppData/Local/Composer/vcs/https---github.com-symfony-translation-contracts.git/): git branch
Executing command (C:/Users/muham/AppData/Local/Composer/vcs/https---github.com-symfony-translation-contracts.git/): git tag
  - Syncing symfony/translation (v7.3.4) into cache
    Cloning to cache at C:/Users/muham/AppData/Local/Composer/vcs/https---github.com-symfony-translation.git/
Executing command (C:/Users/muham/AppData/Local/Composer/vcs/https---github.com-symfony-translation.git/): git rev-parse --git-dir
Executing command (C:/Users/muham/AppData/Local/Composer/vcs/https---github.com-symfony-translation.git/): git rev-parse --quiet --verify "ec25870502d0c7072d086e8ffba1420c85965174^{commit}"
Executing command (C:/Users/muham/AppData/Local/Composer/vcs/https---github.com-symfony-translation.git/): git rev-parse --git-dir
Executing command (C:/Users/muham/AppData/Local/Composer/vcs/https---github.com-symfony-translation.git/): git remote -v
Executing command (C:/Users/muham/AppData/Local/Composer/vcs/https---github.com-symfony-translation.git/): git remote set-url origin -- https://github.com/symfony/translation.git
Executing command (C:/Users/muham/AppData/Local/Composer/vcs/https---github.com-symfony-translation.git/): git remote update --prune origin
Executing command (C:/Users/muham/AppData/Local/Composer/vcs/https---github.com-symfony-translation.git/): git gc --auto
Executing command (C:/Users/muham/AppData/Local/Composer/vcs/https---github.com-symfony-translation.git/): git remote -v
Executing command (C:/Users/muham/AppData/Local/Composer/vcs/https---github.com-symfony-translation.git/): git remote set-url origin -- https://github.com/symfony/translation.git
Executing command (C:/Users/muham/AppData/Local/Composer/vcs/https---github.com-symfony-translation.git/): git rev-parse --git-dir
Executing command (C:/Users/muham/AppData/Local/Composer/vcs/https---github.com-symfony-translation.git/): git rev-parse --quiet --verify "ec25870502d0c7072d086e8ffba1420c85965174^{commit}"
  - Syncing psr/clock (1.0.0) into cache
    Cloning to cache at C:/Users/muham/AppData/Local/Composer/vcs/https---github.com-php-fig-clock.git/
Executing command (CWD): git clone --mirror -- https://github.com/php-fig/clock.git C:/Users/muham/AppData/Local/Composer/vcs/https---github.com-php-fig-clock.git/
Executing command (C:/Users/muham/AppData/Local/Composer/vcs/https---github.com-php-fig-clock.git/): git remote -v
Executing command (C:/Users/muham/AppData/Local/Composer/vcs/https---github.com-php-fig-clock.git/): git remote set-url origin -- https://github.com/php-fig/clock.git
Executing command (C:/Users/muham/AppData/Local/Composer/vcs/https---github.com-php-fig-clock.git/): git rev-parse --git-dir
Executing command (C:/Users/muham/AppData/Local/Composer/vcs/https---github.com-php-fig-clock.git/): git rev-parse --quiet --verify "e41a24703d4560fd0acb709162f73b8adfc3aa0d^{commit}"
  - Syncing symfony/clock (v7.3.0) into cache
    Cloning to cache at C:/Users/muham/AppData/Local/Composer/vcs/https---github.com-symfony-clock.git/
Executing command (CWD): git clone --mirror -- https://github.com/symfony/clock.git C:/Users/muham/AppData/Local/Composer/vcs/https---github.com-symfony-clock.git/
Executing command (C:/Users/muham/AppData/Local/Composer/vcs/https---github.com-symfony-clock.git/): git remote -v
Executing command (C:/Users/muham/AppData/Local/Composer/vcs/https---github.com-symfony-clock.git/): git remote set-url origin -- https://github.com/symfony/clock.git
Executing command (C:/Users/muham/AppData/Local/Composer/vcs/https---github.com-symfony-clock.git/): git rev-parse --git-dir
Executing command (C:/Users/muham/AppData/Local/Composer/vcs/https---github.com-symfony-clock.git/): git rev-parse --quiet --verify "b81435fbd6648ea425d1ee96a2d8e68f4ceacd24^{commit}"
  - Syncing carbonphp/carbon-doctrine-types (3.2.0) into cache
    Cloning to cache at C:/Users/muham/AppData/Local/Composer/vcs/https---github.com-CarbonPHP-carbon-doctrine-types.git/
Executing command (CWD): git clone --mirror -- https://github.com/CarbonPHP/carbon-doctrine-types.git C:/Users/muham/AppData/Local/Composer/vcs/https---github.com-CarbonPHP-carbon-doctrine-types.git/
Executing command (C:/Users/muham/AppData/Local/Composer/vcs/https---github.com-CarbonPHP-carbon-doctrine-types.git/): git remote -v
Executing command (C:/Users/muham/AppData/Local/Composer/vcs/https---github.com-CarbonPHP-carbon-doctrine-types.git/): git remote set-url origin -- https://github.com/CarbonPHP/carbon-doctrine-types.git
Executing command (C:/Users/muham/AppData/Local/Composer/vcs/https---github.com-CarbonPHP-carbon-doctrine-types.git/): git rev-parse --git-dir
Executing command (C:/Users/muham/AppData/Local/Composer/vcs/https---github.com-CarbonPHP-carbon-doctrine-types.git/): git rev-parse --quiet --verify "18ba5ddfec8976260ead6e866180bd5d2f71aa1d^{commit}"
  - Syncing nesbot/carbon (3.10.3) into cache
    Cloning to cache at C:/Users/muham/AppData/Local/Composer/vcs/https---github.com-CarbonPHP-carbon.git/
Executing command (CWD): git clone --mirror -- https://github.com/CarbonPHP/carbon.git C:/Users/muham/AppData/Local/Composer/vcs/https---github.com-CarbonPHP-carbon.git/
Executing command (C:/Users/muham/AppData/Local/Composer/vcs/https---github.com-CarbonPHP-carbon.git/): git remote -v
Executing command (C:/Users/muham/AppData/Local/Composer/vcs/https---github.com-CarbonPHP-carbon.git/): git remote set-url origin -- https://github.com/CarbonPHP/carbon.git
Executing command (C:/Users/muham/AppData/Local/Composer/vcs/https---github.com-CarbonPHP-carbon.git/): git rev-parse --git-dir
Executing command (C:/Users/muham/AppData/Local/Composer/vcs/https---github.com-CarbonPHP-carbon.git/): git rev-parse --quiet --verify "8e3643dcd149ae0fe1d2ff4f2c8e4bbfad7c165f^{commit}"
  - Syncing monolog/monolog (3.9.0) into cache
    Cloning to cache at C:/Users/muham/AppData/Local/Composer/vcs/https---github.com-Seldaek-monolog.git/
Executing command (CWD): git clone --mirror -- https://github.com/Seldaek/monolog.git C:/Users/muham/AppData/Local/Composer/vcs/https---github.com-Seldaek-monolog.git/
Executing command (C:/Users/muham/AppData/Local/Composer/vcs/https---github.com-Seldaek-monolog.git/): git remote -v
Executing command (C:/Users/muham/AppData/Local/Composer/vcs/https---github.com-Seldaek-monolog.git/): git remote set-url origin -- https://github.com/Seldaek/monolog.git
Executing command (C:/Users/muham/AppData/Local/Composer/vcs/https---github.com-Seldaek-monolog.git/): git rev-parse --git-dir
Executing command (C:/Users/muham/AppData/Local/Composer/vcs/https---github.com-Seldaek-monolog.git/): git rev-parse --quiet --verify "10d85740180ecba7896c87e06a166e0c95a0e3b6^{commit}"
  - Syncing psr/http-message (2.0) into cache
    Cloning to cache at C:/Users/muham/AppData/Local/Composer/vcs/https---github.com-php-fig-http-message.git/
Executing command (CWD): git clone --mirror -- https://github.com/php-fig/http-message.git C:/Users/muham/AppData/Local/Composer/vcs/https---github.com-php-fig-http-message.git/
Executing command (C:/Users/muham/AppData/Local/Composer/vcs/https---github.com-php-fig-http-message.git/): git remote -v
Executing command (C:/Users/muham/AppData/Local/Composer/vcs/https---github.com-php-fig-http-message.git/): git remote set-url origin -- https://github.com/php-fig/http-message.git
Executing command (C:/Users/muham/AppData/Local/Composer/vcs/https---github.com-php-fig-http-message.git/): git rev-parse --git-dir
Executing command (C:/Users/muham/AppData/Local/Composer/vcs/https---github.com-php-fig-http-message.git/): git rev-parse --quiet --verify "402d35bcb92c70c026d1a6a9883f06b2ead23d71^{commit}"
  - Syncing psr/http-factory (1.1.0) into cache
    Cloning to cache at C:/Users/muham/AppData/Local/Composer/vcs/https---github.com-php-fig-http-factory.git/
Executing command (CWD): git clone --mirror -- https://github.com/php-fig/http-factory.git C:/Users/muham/AppData/Local/Composer/vcs/https---github.com-php-fig-http-factory.git/
Executing command (C:/Users/muham/AppData/Local/Composer/vcs/https---github.com-php-fig-http-factory.git/): git remote -v
Executing command (C:/Users/muham/AppData/Local/Composer/vcs/https---github.com-php-fig-http-factory.git/): git remote set-url origin -- https://github.com/php-fig/http-factory.git
Executing command (C:/Users/muham/AppData/Local/Composer/vcs/https---github.com-php-fig-http-factory.git/): git rev-parse --git-dir
Executing command (C:/Users/muham/AppData/Local/Composer/vcs/https---github.com-php-fig-http-factory.git/): git rev-parse --quiet --verify "2b4765fddfe3b508ac62f829e852b1501d3f6e8a^{commit}"
  - Syncing league/uri-interfaces (7.5.0) into cache
    Cloning to cache at C:/Users/muham/AppData/Local/Composer/vcs/https---github.com-thephpleague-uri-interfaces.git/
Executing command (CWD): git clone --mirror -- https://github.com/thephpleague/uri-interfaces.git C:/Users/muham/AppData/Local/Composer/vcs/https---github.com-thephpleague-uri-interfaces.git/
Executing command (C:/Users/muham/AppData/Local/Composer/vcs/https---github.com-thephpleague-uri-interfaces.git/): git remote -v
Executing command (C:/Users/muham/AppData/Local/Composer/vcs/https---github.com-thephpleague-uri-interfaces.git/): git remote set-url origin -- https://github.com/thephpleague/uri-interfaces.git
Executing command (C:/Users/muham/AppData/Local/Composer/vcs/https---github.com-thephpleague-uri-interfaces.git/): git rev-parse --git-dir
Executing command (C:/Users/muham/AppData/Local/Composer/vcs/https---github.com-thephpleague-uri-interfaces.git/): git rev-parse --quiet --verify "08cfc6c4f3d811584fb09c37e2849e6a7f9b0742^{commit}"
  - Syncing league/uri (7.5.1) into cache
    Cloning to cache at C:/Users/muham/AppData/Local/Composer/vcs/https---github.com-thephpleague-uri.git/
Executing command (CWD): git clone --mirror -- https://github.com/thephpleague/uri.git C:/Users/muham/AppData/Local/Composer/vcs/https---github.com-thephpleague-uri.git/
Executing command (C:/Users/muham/AppData/Local/Composer/vcs/https---github.com-thephpleague-uri.git/): git remote -v
Executing command (C:/Users/muham/AppData/Local/Composer/vcs/https---github.com-thephpleague-uri.git/): git remote set-url origin -- https://github.com/thephpleague/uri.git
Executing command (C:/Users/muham/AppData/Local/Composer/vcs/https---github.com-thephpleague-uri.git/): git rev-parse --git-dir
Executing command (C:/Users/muham/AppData/Local/Composer/vcs/https---github.com-thephpleague-uri.git/): git rev-parse --quiet --verify "81fb5145d2644324614cc532b28efd0215bda430^{commit}"
  - Syncing league/mime-type-detection (1.16.0) into cache
    Cloning to cache at C:/Users/muham/AppData/Local/Composer/vcs/https---github.com-thephpleague-mime-type-detection.git/
Executing command (CWD): git clone --mirror -- https://github.com/thephpleague/mime-type-detection.git C:/Users/muham/AppData/Local/Composer/vcs/https---github.com-thephpleague-mime-type-detection.git/
Executing command (C:/Users/muham/AppData/Local/Composer/vcs/https---github.com-thephpleague-mime-type-detection.git/): git remote -v
Executing command (C:/Users/muham/AppData/Local/Composer/vcs/https---github.com-thephpleague-mime-type-detection.git/): git remote set-url origin -- https://github.com/thephpleague/mime-type-detection.git
Executing command (C:/Users/muham/AppData/Local/Composer/vcs/https---github.com-thephpleague-mime-type-detection.git/): git rev-parse --git-dir
Executing command (C:/Users/muham/AppData/Local/Composer/vcs/https---github.com-thephpleague-mime-type-detection.git/): git rev-parse --quiet --verify "2d6702ff215bf922936ccc1ad31007edc76451b9^{commit}"
  - Syncing league/flysystem-local (3.30.2) into cache
    Cloning to cache at C:/Users/muham/AppData/Local/Composer/vcs/https---github.com-thephpleague-flysystem-local.git/
Executing command (CWD): git clone --mirror -- https://github.com/thephpleague/flysystem-local.git C:/Users/muham/AppData/Local/Composer/vcs/https---github.com-thephpleague-flysystem-local.git/
Executing command (C:/Users/muham/AppData/Local/Composer/vcs/https---github.com-thephpleague-flysystem-local.git/): git remote -v
Executing command (C:/Users/muham/AppData/Local/Composer/vcs/https---github.com-thephpleague-flysystem-local.git/): git remote set-url origin -- https://github.com/thephpleague/flysystem-local.git
Executing command (C:/Users/muham/AppData/Local/Composer/vcs/https---github.com-thephpleague-flysystem-local.git/): git rev-parse --git-dir
Executing command (C:/Users/muham/AppData/Local/Composer/vcs/https---github.com-thephpleague-flysystem-local.git/): git rev-parse --quiet --verify "ab4f9d0d672f601b102936aa728801dd1a11968d^{commit}"
  - Syncing league/flysystem (3.30.2) into cache
    Cloning to cache at C:/Users/muham/AppData/Local/Composer/vcs/https---github.com-thephpleague-flysystem.git/
Executing command (CWD): git clone --mirror -- https://github.com/thephpleague/flysystem.git C:/Users/muham/AppData/Local/Composer/vcs/https---github.com-thephpleague-flysystem.git/
Executing command (C:/Users/muham/AppData/Local/Composer/vcs/https---github.com-thephpleague-flysystem.git/): git remote -v
Executing command (C:/Users/muham/AppData/Local/Composer/vcs/https---github.com-thephpleague-flysystem.git/): git remote set-url origin -- https://github.com/thephpleague/flysystem.git
Executing command (C:/Users/muham/AppData/Local/Composer/vcs/https---github.com-thephpleague-flysystem.git/): git rev-parse --git-dir
Executing command (C:/Users/muham/AppData/Local/Composer/vcs/https---github.com-thephpleague-flysystem.git/): git rev-parse --quiet --verify "5966a8ba23e62bdb518dd9e0e665c2dbd4b5b277^{commit}"
  - Syncing nette/utils (v4.0.8) into cache
    Cloning to cache at C:/Users/muham/AppData/Local/Composer/vcs/https---github.com-nette-utils.git/
Executing command (CWD): git clone --mirror -- https://github.com/nette/utils.git C:/Users/muham/AppData/Local/Composer/vcs/https---github.com-nette-utils.git/
Executing command (C:/Users/muham/AppData/Local/Composer/vcs/https---github.com-nette-utils.git/): git remote -v
Executing command (C:/Users/muham/AppData/Local/Composer/vcs/https---github.com-nette-utils.git/): git remote set-url origin -- https://github.com/nette/utils.git
Executing command (C:/Users/muham/AppData/Local/Composer/vcs/https---github.com-nette-utils.git/): git rev-parse --git-dir
Executing command (C:/Users/muham/AppData/Local/Composer/vcs/https---github.com-nette-utils.git/): git rev-parse --quiet --verify "c930ca4e3cf4f17dcfb03037703679d2396d2ede^{commit}"
  - Syncing nette/schema (v1.3.3) into cache
    Cloning to cache at C:/Users/muham/AppData/Local/Composer/vcs/https---github.com-nette-schema.git/
Executing command (CWD): git clone --mirror -- https://github.com/nette/schema.git C:/Users/muham/AppData/Local/Composer/vcs/https---github.com-nette-schema.git/
Executing command (C:/Users/muham/AppData/Local/Composer/vcs/https---github.com-nette-schema.git/): git remote -v
Executing command (C:/Users/muham/AppData/Local/Composer/vcs/https---github.com-nette-schema.git/): git remote set-url origin -- https://github.com/nette/schema.git
Executing command (C:/Users/muham/AppData/Local/Composer/vcs/https---github.com-nette-schema.git/): git rev-parse --git-dir
Executing command (C:/Users/muham/AppData/Local/Composer/vcs/https---github.com-nette-schema.git/): git rev-parse --quiet --verify "2befc2f42d7c715fd9d95efc31b1081e5d765004^{commit}"
  - Syncing dflydev/dot-access-data (v3.0.3) into cache
    Cloning to cache at C:/Users/muham/AppData/Local/Composer/vcs/https---github.com-dflydev-dflydev-dot-access-data.git/
Executing command (CWD): git clone --mirror -- https://github.com/dflydev/dflydev-dot-access-data.git C:/Users/muham/AppData/Local/Composer/vcs/https---github.com-dflydev-dflydev-dot-access-data.git/
Executing command (C:/Users/muham/AppData/Local/Composer/vcs/https---github.com-dflydev-dflydev-dot-access-data.git/): git remote -v
Executing command (C:/Users/muham/AppData/Local/Composer/vcs/https---github.com-dflydev-dflydev-dot-access-data.git/): git remote set-url origin -- https://github.com/dflydev/dflydev-dot-access-data.git
Executing command (C:/Users/muham/AppData/Local/Composer/vcs/https---github.com-dflydev-dflydev-dot-access-data.git/): git rev-parse --git-dir
Executing command (C:/Users/muham/AppData/Local/Composer/vcs/https---github.com-dflydev-dflydev-dot-access-data.git/): git rev-parse --quiet --verify "a23a2bf4f31d3518f3ecb38660c95715dfead60f^{commit}"
  - Syncing league/config (v1.2.0) into cache
    Cloning to cache at C:/Users/muham/AppData/Local/Composer/vcs/https---github.com-thephpleague-config.git/
Executing command (CWD): git clone --mirror -- https://github.com/thephpleague/config.git C:/Users/muham/AppData/Local/Composer/vcs/https---github.com-thephpleague-config.git/
Executing command (C:/Users/muham/AppData/Local/Composer/vcs/https---github.com-thephpleague-config.git/): git remote -v
Executing command (C:/Users/muham/AppData/Local/Composer/vcs/https---github.com-thephpleague-config.git/): git remote set-url origin -- https://github.com/thephpleague/config.git
Executing command (C:/Users/muham/AppData/Local/Composer/vcs/https---github.com-thephpleague-config.git/): git rev-parse --git-dir
Executing command (C:/Users/muham/AppData/Local/Composer/vcs/https---github.com-thephpleague-config.git/): git rev-parse --quiet --verify "754b3604fb2984c71f4af4a9cbe7b57f346ec1f3^{commit}"
  - Syncing league/commonmark (2.7.1) into cache
    Cloning to cache at C:/Users/muham/AppData/Local/Composer/vcs/https---github.com-thephpleague-commonmark.git/
Executing command (CWD): git clone --mirror -- https://github.com/thephpleague/commonmark.git C:/Users/muham/AppData/Local/Composer/vcs/https---github.com-thephpleague-commonmark.git/
Executing command (C:/Users/muham/AppData/Local/Composer/vcs/https---github.com-thephpleague-commonmark.git/): git remote -v
Executing command (C:/Users/muham/AppData/Local/Composer/vcs/https---github.com-thephpleague-commonmark.git/): git remote set-url origin -- https://github.com/thephpleague/commonmark.git
Executing command (C:/Users/muham/AppData/Local/Composer/vcs/https---github.com-thephpleague-commonmark.git/): git rev-parse --git-dir
Executing command (C:/Users/muham/AppData/Local/Composer/vcs/https---github.com-thephpleague-commonmark.git/): git rev-parse --quiet --verify "10732241927d3971d28e7ea7b5712721fa2296ca^{commit}"
  - Syncing laravel/serializable-closure (v2.0.6) into cache
    Cloning to cache at C:/Users/muham/AppData/Local/Composer/vcs/https---github.com-laravel-serializable-closure.git/
Executing command (CWD): git clone --mirror -- https://github.com/laravel/serializable-closure.git C:/Users/muham/AppData/Local/Composer/vcs/https---github.com-laravel-serializable-closure.git/
Executing command (C:/Users/muham/AppData/Local/Composer/vcs/https---github.com-laravel-serializable-closure.git/): git remote -v
Executing command (C:/Users/muham/AppData/Local/Composer/vcs/https---github.com-laravel-serializable-closure.git/): git remote set-url origin -- https://github.com/laravel/serializable-closure.git
Executing command (C:/Users/muham/AppData/Local/Composer/vcs/https---github.com-laravel-serializable-closure.git/): git rev-parse --git-dir
Executing command (C:/Users/muham/AppData/Local/Composer/vcs/https---github.com-laravel-serializable-closure.git/): git rev-parse --quiet --verify "038ce42edee619599a1debb7e81d7b3759492819^{commit}"
  - Syncing laravel/prompts (v0.3.7) into cache
    Cloning to cache at C:/Users/muham/AppData/Local/Composer/vcs/https---github.com-laravel-prompts.git/
Executing command (CWD): git clone --mirror -- https://github.com/laravel/prompts.git C:/Users/muham/AppData/Local/Composer/vcs/https---github.com-laravel-prompts.git/
Executing command (C:/Users/muham/AppData/Local/Composer/vcs/https---github.com-laravel-prompts.git/): git remote -v
Executing command (C:/Users/muham/AppData/Local/Composer/vcs/https---github.com-laravel-prompts.git/): git remote set-url origin -- https://github.com/laravel/prompts.git
Executing command (C:/Users/muham/AppData/Local/Composer/vcs/https---github.com-laravel-prompts.git/): git rev-parse --git-dir
Executing command (C:/Users/muham/AppData/Local/Composer/vcs/https---github.com-laravel-prompts.git/): git rev-parse --quiet --verify "a1891d362714bc40c8d23b0b1d7090f022ea27cc^{commit}"
  - Syncing guzzlehttp/uri-template (v1.0.5) into cache
    Cloning to cache at C:/Users/muham/AppData/Local/Composer/vcs/https---github.com-guzzle-uri-template.git/
Executing command (CWD): git clone --mirror -- https://github.com/guzzle/uri-template.git C:/Users/muham/AppData/Local/Composer/vcs/https---github.com-guzzle-uri-template.git/
Executing command (C:/Users/muham/AppData/Local/Composer/vcs/https---github.com-guzzle-uri-template.git/): git remote -v
Executing command (C:/Users/muham/AppData/Local/Composer/vcs/https---github.com-guzzle-uri-template.git/): git remote set-url origin -- https://github.com/guzzle/uri-template.git
Executing command (C:/Users/muham/AppData/Local/Composer/vcs/https---github.com-guzzle-uri-template.git/): git rev-parse --git-dir
Executing command (C:/Users/muham/AppData/Local/Composer/vcs/https---github.com-guzzle-uri-template.git/): git rev-parse --quiet --verify "4f4bbd4e7172148801e76e3decc1e559bdee34e1^{commit}"
  - Syncing psr/http-client (1.0.3) into cache
    Cloning to cache at C:/Users/muham/AppData/Local/Composer/vcs/https---github.com-php-fig-http-client.git/
Executing command (CWD): git clone --mirror -- https://github.com/php-fig/http-client.git C:/Users/muham/AppData/Local/Composer/vcs/https---github.com-php-fig-http-client.git/
Executing command (C:/Users/muham/AppData/Local/Composer/vcs/https---github.com-php-fig-http-client.git/): git remote -v
Executing command (C:/Users/muham/AppData/Local/Composer/vcs/https---github.com-php-fig-http-client.git/): git remote set-url origin -- https://github.com/php-fig/http-client.git
Executing command (C:/Users/muham/AppData/Local/Composer/vcs/https---github.com-php-fig-http-client.git/): git rev-parse --git-dir
Executing command (C:/Users/muham/AppData/Local/Composer/vcs/https---github.com-php-fig-http-client.git/): git rev-parse --quiet --verify "bb5906edc1c324c9a05aa0873d40117941e5fa90^{commit}"
  - Syncing ralouphie/getallheaders (3.0.3) into cache
    Cloning to cache at C:/Users/muham/AppData/Local/Composer/vcs/https---github.com-ralouphie-getallheaders.git/
Executing command (CWD): git clone --mirror -- https://github.com/ralouphie/getallheaders.git C:/Users/muham/AppData/Local/Composer/vcs/https---github.com-ralouphie-getallheaders.git/
Executing command (C:/Users/muham/AppData/Local/Composer/vcs/https---github.com-ralouphie-getallheaders.git/): git remote -v
Executing command (C:/Users/muham/AppData/Local/Composer/vcs/https---github.com-ralouphie-getallheaders.git/): git remote set-url origin -- https://github.com/ralouphie/getallheaders.git
Executing command (C:/Users/muham/AppData/Local/Composer/vcs/https---github.com-ralouphie-getallheaders.git/): git rev-parse --git-dir
Executing command (C:/Users/muham/AppData/Local/Composer/vcs/https---github.com-ralouphie-getallheaders.git/): git rev-parse --quiet --verify "120b605dfeb996808c31b6477290a714d356e822^{commit}"
  - Syncing guzzlehttp/psr7 (2.8.0) into cache
    Cloning to cache at C:/Users/muham/AppData/Local/Composer/vcs/https---github.com-guzzle-psr7.git/
Executing command (CWD): git clone --mirror -- https://github.com/guzzle/psr7.git C:/Users/muham/AppData/Local/Composer/vcs/https---github.com-guzzle-psr7.git/
Executing command (C:/Users/muham/AppData/Local/Composer/vcs/https---github.com-guzzle-psr7.git/): git remote -v
Executing command (C:/Users/muham/AppData/Local/Composer/vcs/https---github.com-guzzle-psr7.git/): git remote set-url origin -- https://github.com/guzzle/psr7.git
Executing command (C:/Users/muham/AppData/Local/Composer/vcs/https---github.com-guzzle-psr7.git/): git rev-parse --git-dir
Executing command (C:/Users/muham/AppData/Local/Composer/vcs/https---github.com-guzzle-psr7.git/): git rev-parse --quiet --verify "21dc724a0583619cd1652f673303492272778051^{commit}"
  - Syncing guzzlehttp/promises (2.3.0) into cache
    Cloning to cache at C:/Users/muham/AppData/Local/Composer/vcs/https---github.com-guzzle-promises.git/
Executing command (CWD): git clone --mirror -- https://github.com/guzzle/promises.git C:/Users/muham/AppData/Local/Composer/vcs/https---github.com-guzzle-promises.git/
Executing command (C:/Users/muham/AppData/Local/Composer/vcs/https---github.com-guzzle-promises.git/): git remote -v
Executing command (C:/Users/muham/AppData/Local/Composer/vcs/https---github.com-guzzle-promises.git/): git remote set-url origin -- https://github.com/guzzle/promises.git
Executing command (C:/Users/muham/AppData/Local/Composer/vcs/https---github.com-guzzle-promises.git/): git rev-parse --git-dir
Executing command (C:/Users/muham/AppData/Local/Composer/vcs/https---github.com-guzzle-promises.git/): git rev-parse --quiet --verify "481557b130ef3790cf82b713667b43030dc9c957^{commit}"
  - Syncing guzzlehttp/guzzle (7.10.0) into cache
    Cloning to cache at C:/Users/muham/AppData/Local/Composer/vcs/https---github.com-guzzle-guzzle.git/
Executing command (CWD): git clone --mirror -- https://github.com/guzzle/guzzle.git C:/Users/muham/AppData/Local/Composer/vcs/https---github.com-guzzle-guzzle.git/
Executing command (C:/Users/muham/AppData/Local/Composer/vcs/https---github.com-guzzle-guzzle.git/): git remote -v
Executing command (C:/Users/muham/AppData/Local/Composer/vcs/https---github.com-guzzle-guzzle.git/): git remote set-url origin -- https://github.com/guzzle/guzzle.git
Executing command (C:/Users/muham/AppData/Local/Composer/vcs/https---github.com-guzzle-guzzle.git/): git rev-parse --git-dir
Executing command (C:/Users/muham/AppData/Local/Composer/vcs/https---github.com-guzzle-guzzle.git/): git rev-parse --quiet --verify "b51ac707cfa420b7bfd4e4d5e510ba8008e822b4^{commit}"
  - Syncing fruitcake/php-cors (v1.3.0) into cache
    Cloning to cache at C:/Users/muham/AppData/Local/Composer/vcs/https---github.com-fruitcake-php-cors.git/
Executing command (CWD): git clone --mirror -- https://github.com/fruitcake/php-cors.git C:/Users/muham/AppData/Local/Composer/vcs/https---github.com-fruitcake-php-cors.git/
Executing command (C:/Users/muham/AppData/Local/Composer/vcs/https---github.com-fruitcake-php-cors.git/): git remote -v
Executing command (C:/Users/muham/AppData/Local/Composer/vcs/https---github.com-fruitcake-php-cors.git/): git remote set-url origin -- https://github.com/fruitcake/php-cors.git
Executing command (C:/Users/muham/AppData/Local/Composer/vcs/https---github.com-fruitcake-php-cors.git/): git rev-parse --git-dir
Executing command (C:/Users/muham/AppData/Local/Composer/vcs/https---github.com-fruitcake-php-cors.git/): git rev-parse --quiet --verify "3d158f36e7875e2f040f37bc0573956240a5a38b^{commit}"
  - Syncing dragonmantank/cron-expression (v3.6.0) into cache
    Cloning to cache at C:/Users/muham/AppData/Local/Composer/vcs/https---github.com-dragonmantank-cron-expression.git/
Executing command (CWD): git clone --mirror -- https://github.com/dragonmantank/cron-expression.git C:/Users/muham/AppData/Local/Composer/vcs/https---github.com-dragonmantank-cron-expression.git/
Executing command (C:/Users/muham/AppData/Local/Composer/vcs/https---github.com-dragonmantank-cron-expression.git/): git remote -v
Executing command (C:/Users/muham/AppData/Local/Composer/vcs/https---github.com-dragonmantank-cron-expression.git/): git remote set-url origin -- https://github.com/dragonmantank/cron-expression.git
Executing command (C:/Users/muham/AppData/Local/Composer/vcs/https---github.com-dragonmantank-cron-expression.git/): git rev-parse --git-dir
Executing command (C:/Users/muham/AppData/Local/Composer/vcs/https---github.com-dragonmantank-cron-expression.git/): git rev-parse --quiet --verify "d61a8a9604ec1f8c3d150d09db6ce98b32675013^{commit}"
  - Syncing doctrine/inflector (2.1.0) into cache
    Cloning to cache at C:/Users/muham/AppData/Local/Composer/vcs/https---github.com-doctrine-inflector.git/
Executing command (CWD): git clone --mirror -- https://github.com/doctrine/inflector.git C:/Users/muham/AppData/Local/Composer/vcs/https---github.com-doctrine-inflector.git/
Executing command (C:/Users/muham/AppData/Local/Composer/vcs/https---github.com-doctrine-inflector.git/): git remote -v
Executing command (C:/Users/muham/AppData/Local/Composer/vcs/https---github.com-doctrine-inflector.git/): git remote set-url origin -- https://github.com/doctrine/inflector.git
Executing command (C:/Users/muham/AppData/Local/Composer/vcs/https---github.com-doctrine-inflector.git/): git rev-parse --git-dir
Executing command (C:/Users/muham/AppData/Local/Composer/vcs/https---github.com-doctrine-inflector.git/): git rev-parse --quiet --verify "6d6c96277ea252fc1304627204c3d5e6e15faa3b^{commit}"
  - Syncing laravel/framework (v12.38.1) into cache
    Cloning to cache at C:/Users/muham/AppData/Local/Composer/vcs/https---github.com-laravel-framework.git/
Executing command (CWD): git clone --mirror -- https://github.com/laravel/framework.git C:/Users/muham/AppData/Local/Composer/vcs/https---github.com-laravel-framework.git/
